<?xml version="1.0" encoding="UTF-8"?>
<!-- Generated by org.testng.reporters.JUnitReportReporter -->
<testsuite hostname="DESKTOP-D58P1C5" failures="0" tests="2" name="APITesing.Test01_GET" time="6.321" errors="0" timestamp="09 Apr. 2021 02:32:05 GMT" skipped="0">
  <testcase classname="APITesing.Test01_GET" name="test_01" time="5.104"/>
  <testcase classname="APITesing.Test01_GET" name="test_02" time="1.217"/>
</testsuite> <!-- APITesing.Test01_GET -->
