<?xml version="1.0" encoding="UTF-8"?>
<!-- Generated by org.testng.reporters.JUnitReportReporter -->
<testsuite hostname="DESKTOP-D58P1C5" failures="0" tests="1" name="APITesing.Test_GET" time="3.117" errors="0" timestamp="11 Apr. 2021 23:02:46 GMT" skipped="0">
  <testcase classname="APITesing.Test_GET" name="test_01" time="3.117"/>
</testsuite> <!-- APITesing.Test_GET -->
