<?xml version="1.0" encoding="UTF-8"?>
<!-- Generated by org.testng.reporters.JUnitReportReporter -->
<testsuite hostname="DESKTOP-D58P1C5" failures="0" tests="1" name="APITesing.Tests_POST" time="3.138" errors="0" timestamp="12 Apr. 2021 03:10:32 GMT" skipped="0">
  <testcase classname="APITesing.Tests_POST" name="test_4_dalete" time="3.138"/>
</testsuite> <!-- APITesing.Tests_POST -->
