<?xml version="1.0" encoding="UTF-8"?>
<!-- Generated by org.testng.reporters.JUnitReportReporter -->
<testsuite hostname="DESKTOP-D58P1C5" failures="0" tests="2" name="APITesing.DataDrivenExample01" time="2.472" errors="0" timestamp="13 Apr. 2021 04:42:06 GMT" skipped="0">
  <testcase classname="APITesing.DataDrivenExample01" name="test_POST" time="2.402"/>
  <testcase classname="APITesing.DataDrivenExample01" name="test_POST" time="0.070"/>
</testsuite> <!-- APITesing.DataDrivenExample01 -->
