<?xml version="1.0" encoding="UTF-8"?>
<!-- Generated by org.testng.reporters.JUnitReportReporter -->
<testsuite hostname="DESKTOP-D58P1C5" failures="0" tests="3" name="APITesing.Local_api_tests" time="2.216" errors="0" timestamp="12 Apr. 2021 04:16:06 GMT" skipped="0">
  <testcase classname="APITesing.Local_api_tests" name="test_get" time="0.211"/>
  <testcase classname="APITesing.Local_api_tests" name="test_delete" time="1.945"/>
  <testcase classname="APITesing.Local_api_tests" name="test_get_01" time="0.060"/>
</testsuite> <!-- APITesing.Local_api_tests -->
